26-01-28.16:52:25.444 [main            ] INFO  Application            - Starting Application using Java 1.8.0_472 on EkkoDeskTop with PID 40540 (D:\javacode\s-pay-new\s-pay-mall-web\target\classes started by Ekko in D:\javacode\s-pay-new)
26-01-28.16:52:25.446 [main            ] INFO  Application            - The following 1 profile is active: "dev"
26-01-28.16:52:26.375 [main            ] INFO  TomcatWebServer        - Tomcat initialized with port(s): 8080 (http)
26-01-28.16:52:26.382 [main            ] INFO  Http11NioProtocol      - Initializing ProtocolHandler ["http-nio-8080"]
26-01-28.16:52:26.382 [main            ] INFO  StandardService        - Starting service [Tomcat]
26-01-28.16:52:26.382 [main            ] INFO  StandardEngine         - Starting Servlet engine: [Apache Tomcat/9.0.75]
26-01-28.16:52:26.467 [main            ] INFO  [/]                    - Initializing Spring embedded WebApplicationContext
26-01-28.16:52:26.468 [main            ] INFO  ServletWebServerApplicationContext - Root WebApplicationContext: initialization completed in 981 ms
26-01-28.16:52:26.510 [main            ] WARN  AnnotationConfigServletWebServerApplicationContext - Exception encountered during context initialization - cancelling refresh attempt: org.springframework.beans.factory.BeanCreationException: Error creating bean with name 'loginController': Injection of resource dependencies failed; nested exception is org.springframework.beans.factory.NoSuchBeanDefinitionException: No qualifying bean of type 'com.liu.service.ILoginService' available: expected at least 1 bean which qualifies as autowire candidate. Dependency annotations: {@javax.annotation.Resource(shareable=true, lookup=, name=, description=, authenticationType=CONTAINER, type=class java.lang.Object, mappedName=)}
26-01-28.16:52:26.512 [main            ] INFO  StandardService        - Stopping service [Tomcat]
26-01-28.16:52:26.518 [main            ] INFO  ConditionEvaluationReportLoggingListener - 

Error starting ApplicationContext. To display the conditions report re-run your application with 'debug' enabled.
26-01-28.16:52:26.541 [main            ] ERROR LoggingFailureAnalysisReporter - 

***************************
APPLICATION FAILED TO START
***************************

Description:

A component required a bean of type 'com.liu.service.ILoginService' that could not be found.


Action:

Consider defining a bean of type 'com.liu.service.ILoginService' in your configuration.

26-01-28.16:56:29.158 [main            ] INFO  Application            - Starting Application using Java 1.8.0_472 on EkkoDeskTop with PID 57724 (D:\javacode\s-pay-new\s-pay-mall-web\target\classes started by Ekko in D:\javacode\s-pay-new)
26-01-28.16:56:29.160 [main            ] INFO  Application            - The following 1 profile is active: "dev"
26-01-28.16:56:30.087 [main            ] INFO  TomcatWebServer        - Tomcat initialized with port(s): 8080 (http)
26-01-28.16:56:30.095 [main            ] INFO  Http11NioProtocol      - Initializing ProtocolHandler ["http-nio-8080"]
26-01-28.16:56:30.096 [main            ] INFO  StandardService        - Starting service [Tomcat]
26-01-28.16:56:30.096 [main            ] INFO  StandardEngine         - Starting Servlet engine: [Apache Tomcat/9.0.75]
26-01-28.16:56:30.193 [main            ] INFO  [/]                    - Initializing Spring embedded WebApplicationContext
26-01-28.16:56:30.193 [main            ] INFO  ServletWebServerApplicationContext - Root WebApplicationContext: initialization completed in 994 ms
26-01-28.16:56:31.026 [main            ] INFO  Http11NioProtocol      - Starting ProtocolHandler ["http-nio-8080"]
26-01-28.16:56:31.062 [main            ] INFO  TomcatWebServer        - Tomcat started on port(s): 8080 (http) with context path ''
26-01-28.16:56:31.075 [main            ] INFO  Application            - Started Application in 2.326 seconds (JVM running for 2.654)
26-01-28.17:43:58.462 [main            ] INFO  Application            - Starting Application using Java 1.8.0_472 on EkkoDeskTop with PID 51596 (D:\javacode\s-pay-new\s-pay-mall-web\target\classes started by Ekko in D:\javacode\s-pay-new)
26-01-28.17:43:58.463 [main            ] INFO  Application            - The following 1 profile is active: "dev"
26-01-28.17:43:59.384 [main            ] INFO  TomcatWebServer        - Tomcat initialized with port(s): 8080 (http)
26-01-28.17:43:59.391 [main            ] INFO  Http11NioProtocol      - Initializing ProtocolHandler ["http-nio-8080"]
26-01-28.17:43:59.392 [main            ] INFO  StandardService        - Starting service [Tomcat]
26-01-28.17:43:59.392 [main            ] INFO  StandardEngine         - Starting Servlet engine: [Apache Tomcat/9.0.75]
26-01-28.17:43:59.472 [main            ] INFO  [/]                    - Initializing Spring embedded WebApplicationContext
26-01-28.17:43:59.472 [main            ] INFO  ServletWebServerApplicationContext - Root WebApplicationContext: initialization completed in 973 ms
26-01-28.17:44:00.302 [main            ] INFO  Http11NioProtocol      - Starting ProtocolHandler ["http-nio-8080"]
26-01-28.17:44:00.333 [main            ] INFO  TomcatWebServer        - Tomcat started on port(s): 8080 (http) with context path ''
26-01-28.17:44:00.351 [main            ] INFO  Application            - Started Application in 2.267 seconds (JVM running for 2.608)
